<?xml version="1.0" encoding="UTF-8" ?>
<testsuite tests="4" failures="2" name="test.java.TestQueryEngine" time="0.906" errors="0" skipped="0">
  <properties>
[...]
</properties>
  <testcase classname="test.java.TestQueryEngine" name="testFetchAuthorDetails" time="0.003"/>
  <testcase classname="test.java.TestQueryEngine" name="testGetSimilarAuthorBySamePublication" time="0.837">
    <failure message="Populate Author List expected:&lt;[title = Parallel Approximation Schemes for Problems on Planar Graphs. 
 name = Jacobo Torán 
 noOfPublication = 4 
 publication = main.classes.Publication@50cbc42f]&gt; but was:&lt;[title = Parallel Approximation Schemes for Problems on Planar Graphs. 
 name = Jacobo Torán 
 noOfPublication = 4 
 publication = main.classes.Publication@75412c2f]&gt;" type="java.lang.AssertionError">java.lang.AssertionError: Populate Author List expected:&lt;[title = Parallel Approximation Schemes for Problems on Planar Graphs. 
 name = Jacobo Torán 
 noOfPublication = 4 
 publication = main.classes.Publication@50cbc42f]&gt; but was:&lt;[title = Parallel Approximation Schemes for Problems on Planar Graphs. 
 name = Jacobo Torán 
 noOfPublication = 4 
 publication = main.classes.Publication@75412c2f]&gt;
	at org.junit.Assert.fail(Assert.java:88)
	at org.junit.Assert.failNotEquals(Assert.java:834)
	at org.junit.Assert.assertEquals(Assert.java:118)
	at test.java.TestQueryEngine.testGetSimilarAuthorBySamePublication(TestQueryEngine.java:81)
	at sun.reflect.NativeMethodAccessorImpl.invoke0(Native Method)
	at sun.reflect.NativeMethodAccessorImpl.invoke(NativeMethodAccessorImpl.java:62)
	at sun.reflect.DelegatingMethodAccessorImpl.invoke(DelegatingMethodAccessorImpl.java:43)
	at java.lang.reflect.Method.invoke(Method.java:497)
	at org.junit.runners.model.FrameworkMethod$1.runReflectiveCall(FrameworkMethod.java:50)
	at org.junit.internal.runners.model.ReflectiveCallable.run(ReflectiveCallable.java:12)
	at org.junit.runners.model.FrameworkMethod.invokeExplosively(FrameworkMethod.java:47)
	at org.junit.internal.runners.statements.InvokeMethod.evaluate(InvokeMethod.java:17)
	at org.junit.runners.ParentRunner.runLeaf(ParentRunner.java:325)
	at org.junit.runners.BlockJUnit4ClassRunner.runChild(BlockJUnit4ClassRunner.java:78)
	at org.junit.runners.BlockJUnit4ClassRunner.runChild(BlockJUnit4ClassRunner.java:57)
	at org.junit.runners.ParentRunner$3.run(ParentRunner.java:290)
	at org.junit.runners.ParentRunner$1.schedule(ParentRunner.java:71)
	at org.junit.runners.ParentRunner.runChildren(ParentRunner.java:288)
	at org.junit.runners.ParentRunner.access$000(ParentRunner.java:58)
	at org.junit.runners.ParentRunner$2.evaluate(ParentRunner.java:268)
	at org.junit.runners.ParentRunner.run(ParentRunner.java:363)
	at org.apache.maven.surefire.junit4.JUnit4Provider.execute(JUnit4Provider.java:252)
	at org.apache.maven.surefire.junit4.JUnit4Provider.executeTestSet(JUnit4Provider.java:141)
	at org.apache.maven.surefire.junit4.JUnit4Provider.invoke(JUnit4Provider.java:112)
	at sun.reflect.NativeMethodAccessorImpl.invoke0(Native Method)
	at sun.reflect.NativeMethodAccessorImpl.invoke(NativeMethodAccessorImpl.java:62)
	at sun.reflect.DelegatingMethodAccessorImpl.invoke(DelegatingMethodAccessorImpl.java:43)
	at java.lang.reflect.Method.invoke(Method.java:497)
	at org.apache.maven.surefire.util.ReflectionUtils.invokeMethodWithArray(ReflectionUtils.java:189)
	at org.apache.maven.surefire.booter.ProviderFactory$ProviderProxy.invoke(ProviderFactory.java:165)
	at org.apache.maven.surefire.booter.ProviderFactory.invokeProvider(ProviderFactory.java:85)
	at org.apache.maven.surefire.booter.ForkedBooter.runSuitesInProcess(ForkedBooter.java:115)
	at org.apache.maven.surefire.booter.ForkedBooter.main(ForkedBooter.java:75)
</failure>
    <system-out>............SELECT distinct * FROM tb_publication tp, tb_authorprofile ta, tb_numberofpb tn where tp.title = ta.title and ta.authorname = tn.authorname and lower(tp.journal) = lower(&apos;acta inf.&apos;) and lower(tp.title) like lower(&apos;%parallel%&apos;) and tp.pbyear = 1996 and tn.numberofpb = 4 
</system-out>
    <system-err>acta inf.
parallel
1996
4
</system-err>
  </testcase>
  <testcase classname="test.java.TestQueryEngine" name="testGetSimilarAuthorBySameNumberofPB" time="0.028">
    <failure message="Populate Author List expected:&lt;[title = Parallel Approximation Schemes for Problems on Planar Graphs. 
 name = Jacobo Torán 
 noOfPublication = 4 
 publication = main.classes.Publication@7a92922]&gt; but was:&lt;[title = Parallel Approximation Schemes for Problems on Planar Graphs. 
 name = Jacobo Torán 
 noOfPublication = 4 
 publication = main.classes.Publication@71f2a7d5]&gt;" type="java.lang.AssertionError">java.lang.AssertionError: Populate Author List expected:&lt;[title = Parallel Approximation Schemes for Problems on Planar Graphs. 
 name = Jacobo Torán 
 noOfPublication = 4 
 publication = main.classes.Publication@7a92922]&gt; but was:&lt;[title = Parallel Approximation Schemes for Problems on Planar Graphs. 
 name = Jacobo Torán 
 noOfPublication = 4 
 publication = main.classes.Publication@71f2a7d5]&gt;
	at org.junit.Assert.fail(Assert.java:88)
	at org.junit.Assert.failNotEquals(Assert.java:834)
	at org.junit.Assert.assertEquals(Assert.java:118)
	at test.java.TestQueryEngine.testGetSimilarAuthorBySameNumberofPB(TestQueryEngine.java:70)
	at sun.reflect.NativeMethodAccessorImpl.invoke0(Native Method)
	at sun.reflect.NativeMethodAccessorImpl.invoke(NativeMethodAccessorImpl.java:62)
	at sun.reflect.DelegatingMethodAccessorImpl.invoke(DelegatingMethodAccessorImpl.java:43)
	at java.lang.reflect.Method.invoke(Method.java:497)
	at org.junit.runners.model.FrameworkMethod$1.runReflectiveCall(FrameworkMethod.java:50)
	at org.junit.internal.runners.model.ReflectiveCallable.run(ReflectiveCallable.java:12)
	at org.junit.runners.model.FrameworkMethod.invokeExplosively(FrameworkMethod.java:47)
	at org.junit.internal.runners.statements.InvokeMethod.evaluate(InvokeMethod.java:17)
	at org.junit.runners.ParentRunner.runLeaf(ParentRunner.java:325)
	at org.junit.runners.BlockJUnit4ClassRunner.runChild(BlockJUnit4ClassRunner.java:78)
	at org.junit.runners.BlockJUnit4ClassRunner.runChild(BlockJUnit4ClassRunner.java:57)
	at org.junit.runners.ParentRunner$3.run(ParentRunner.java:290)
	at org.junit.runners.ParentRunner$1.schedule(ParentRunner.java:71)
	at org.junit.runners.ParentRunner.runChildren(ParentRunner.java:288)
	at org.junit.runners.ParentRunner.access$000(ParentRunner.java:58)
	at org.junit.runners.ParentRunner$2.evaluate(ParentRunner.java:268)
	at org.junit.runners.ParentRunner.run(ParentRunner.java:363)
	at org.apache.maven.surefire.junit4.JUnit4Provider.execute(JUnit4Provider.java:252)
	at org.apache.maven.surefire.junit4.JUnit4Provider.executeTestSet(JUnit4Provider.java:141)
	at org.apache.maven.surefire.junit4.JUnit4Provider.invoke(JUnit4Provider.java:112)
	at sun.reflect.NativeMethodAccessorImpl.invoke0(Native Method)
	at sun.reflect.NativeMethodAccessorImpl.invoke(NativeMethodAccessorImpl.java:62)
	at sun.reflect.DelegatingMethodAccessorImpl.invoke(DelegatingMethodAccessorImpl.java:43)
	at java.lang.reflect.Method.invoke(Method.java:497)
	at org.apache.maven.surefire.util.ReflectionUtils.invokeMethodWithArray(ReflectionUtils.java:189)
	at org.apache.maven.surefire.booter.ProviderFactory$ProviderProxy.invoke(ProviderFactory.java:165)
	at org.apache.maven.surefire.booter.ProviderFactory.invokeProvider(ProviderFactory.java:85)
	at org.apache.maven.surefire.booter.ForkedBooter.runSuitesInProcess(ForkedBooter.java:115)
	at org.apache.maven.surefire.booter.ForkedBooter.main(ForkedBooter.java:75)
</failure>
    <system-out>............SELECT distinct * FROM tb_publication tp, tb_authorprofile ta, tb_numberofpb tn where tp.title = ta.title and ta.authorname = tn.authorname and lower(tp.journal) = lower(&apos;acta inf.&apos;) and lower(tp.title) like lower(&apos;%parallel%&apos;) and tp.pbyear = 1996 and tn.numberofpb = 4 
</system-out>
    <system-err>acta inf.
parallel
1996
4
</system-err>
  </testcase>
  <testcase classname="test.java.TestQueryEngine" name="testPopulateListOfAuthorsQuery" time="0.038"/>
</testsuite>